Arguments: 
  C:\Program Files\nodejs\node.exe C:\Users\wayne\AppData\Roaming\npm\node_modules\yarn\bin\yarn.js add --save-dev @babel/core @babel/cli @babel/preset-env @babel/preset-reac

PATH: 
  C:\Program Files\Git\mingw64\bin;C:\Program Files\Git\usr\bin;C:\Users\wayne\bin;C:\Program Files (x86)\Common Files\Oracle\Java\javapath;C:\Program Files\Java\jdk-11.0.2\bin;C:\ProgramData\Anaconda3;C:\ProgramData\Anaconda3\Library\mingw-w64\bin;C:\ProgramData\Anaconda3\Library\usr\bin;C:\ProgramData\Anaconda3\Library\bin;C:\ProgramData\Anaconda3\Scripts;C:\Windows\system32;C:\Windows;C:\Windows\System32\Wbem;C:\Windows\System32\WindowsPowerShell\v1.0;C:\Windows\System32\OpenSSH;C:\Program Files\nodejs;C:\Program Files\PuTTY;C:\Program Files\Git\cmd;G:\app\android-sdk\platform-tools;G:\app\android-sdk\emulator;G:\app\android-sdk\tools;G:\app\android-sdk\tools\bin;C:\Program Files\Docker\Docker\resources\bin;C:\ProgramData\DockerDesktop\version-bin;G:\app\GnuPG\bin;C:\Users\wayne\AppData\Local\Microsoft\WindowsApps;C:\Users\wayne\AppData\Local\Programs\Microsoft VS Code\bin;C:\Users\wayne\AppData\Roaming\npm;C:\Users\wayne\AppData\Local\Programs\Fiddler;C:\Users\wayne\.deno\bin;C:\Users\wayne\AppData\Local\GitHubDesktop\bin

Yarn version: 
  1.22.0

Node version: 
  12.16.1

Platform: 
  win32 x64

Trace: 
  Error: https://registry.npm.taobao.org/@babel%2fpreset-reac: Not found
      at Request.params.callback [as _callback] (C:\Users\wayne\AppData\Roaming\npm\node_modules\yarn\lib\cli.js:66975:18)
      at Request.self.callback (C:\Users\wayne\AppData\Roaming\npm\node_modules\yarn\lib\cli.js:140727:22)
      at Request.emit (events.js:311:20)
      at Request.<anonymous> (C:\Users\wayne\AppData\Roaming\npm\node_modules\yarn\lib\cli.js:141699:10)
      at Request.emit (events.js:311:20)
      at IncomingMessage.<anonymous> (C:\Users\wayne\AppData\Roaming\npm\node_modules\yarn\lib\cli.js:141621:12)
      at Object.onceWrapper (events.js:417:28)
      at IncomingMessage.emit (events.js:323:22)
      at endReadableNT (_stream_readable.js:1204:12)
      at processTicksAndRejections (internal/process/task_queues.js:84:21)

npm manifest: 
  {
    "name": "microsoft-todo-chrome-ext",
    "version": "1.0.0",
    "main": "index.js",
    "repository": "https://github.com/WayneGongCN/microsoft-todo-chrome-ext.git",
    "author": "waynegong <Wayne.Gong.CN@hotmail.com>",
    "license": "MIT",
    "devDependencies": {
      "@babel/cli": "^7.12.10",
      "@babel/core": "^7.12.10",
      "@babel/preset-env": "^7.12.11",
      "@babel/preset-react": "^7.12.10",
      "babel-loader": "^8.2.2",
      "css-loader": "^5.0.1",
      "style-loader": "^2.0.0",
      "webpack": "^5.14.0",
      "webpack-cli": "^4.3.1"
    }
  }

yarn manifest: 
  No manifest

Lockfile: 
  No lockfile
